<?xml version="1.0" encoding="UTF-8"?>
<testng-results skipped="0" failed="1" total="1" passed="0">
  <reporter-output>
  </reporter-output>
  <suite name="BDD Webservice And UI" duration-ms="6168" started-at="2018-09-06T10:55:32Z" finished-at="2018-09-06T10:55:38Z">
    <groups>
      <group name="cucumber">
        <method signature="TestNgTestRunner.feature(cucumber.api.testng.CucumberFeatureWrapper)[pri:0, instance:testRunners.TestNgTestRunner@5d5eef3d]" name="feature" class="testRunners.TestNgTestRunner"/>
      </group> <!-- cucumber -->
    </groups>
    <test name="All Tests" duration-ms="6168" started-at="2018-09-06T10:55:32Z" finished-at="2018-09-06T10:55:38Z">
      <class name="testRunners.TestNgTestRunner">
        <test-method status="PASS" signature="readInputData()[pri:0, instance:testRunners.TestNgTestRunner@5d5eef3d]" name="readInputData" is-config="true" duration-ms="13" started-at="2018-09-06T16:25:32Z" finished-at="2018-09-06T16:25:32Z">
          <reporter-output>
          </reporter-output>
        </test-method> <!-- readInputData -->
        <test-method status="PASS" signature="setUpClass()[pri:0, instance:testRunners.TestNgTestRunner@5d5eef3d]" name="setUpClass" is-config="true" duration-ms="465" started-at="2018-09-06T16:25:32Z" finished-at="2018-09-06T16:25:33Z">
          <reporter-output>
          </reporter-output>
        </test-method> <!-- setUpClass -->
        <test-method status="FAIL" signature="feature(cucumber.api.testng.CucumberFeatureWrapper)[pri:0, instance:testRunners.TestNgTestRunner@5d5eef3d]" name="feature" duration-ms="4679" started-at="2018-09-06T16:25:33Z" description="Runs Cucumber Feature" data-provider="features" finished-at="2018-09-06T16:25:38Z">
          <params>
            <param index="0">
              <value>
                <![CDATA[Verification for member rewards scenarios]]>
              </value>
            </param>
          </params>
          <exception class="java.lang.NullPointerException">
            <full-stacktrace>
              <![CDATA[java.lang.NullPointerException
	at com.cucumber.listener.ExtentCucumberFormatter.match(ExtentCucumberFormatter.java:228)
	at sun.reflect.NativeMethodAccessorImpl.invoke0(Native Method)
	at sun.reflect.NativeMethodAccessorImpl.invoke(NativeMethodAccessorImpl.java:62)
	at sun.reflect.DelegatingMethodAccessorImpl.invoke(DelegatingMethodAccessorImpl.java:43)
	at java.lang.reflect.Method.invoke(Method.java:498)
	at cucumber.runtime.Utils$1.call(Utils.java:40)
	at cucumber.runtime.Timeout.timeout(Timeout.java:16)
	at cucumber.runtime.Utils.invoke(Utils.java:34)
	at cucumber.runtime.RuntimeOptions$1.invoke(RuntimeOptions.java:294)
	at com.sun.proxy.$Proxy7.match(Unknown Source)
	at cucumber.api.testng.FeatureResultListener.match(FeatureResultListener.java:40)
	at cucumber.runtime.Runtime.runStep(Runtime.java:279)
	at cucumber.runtime.model.StepContainer.runStep(StepContainer.java:44)
	at cucumber.runtime.model.StepContainer.runSteps(StepContainer.java:39)
	at cucumber.runtime.model.CucumberScenario.run(CucumberScenario.java:44)
	at cucumber.runtime.model.CucumberFeature.run(CucumberFeature.java:165)
	at cucumber.api.testng.TestNGCucumberRunner.runCucumber(TestNGCucumberRunner.java:63)
	at testRunners.TestNgTestRunner.feature(TestNgTestRunner.java:83)
	at sun.reflect.NativeMethodAccessorImpl.invoke0(Native Method)
	at sun.reflect.NativeMethodAccessorImpl.invoke(NativeMethodAccessorImpl.java:62)
	at sun.reflect.DelegatingMethodAccessorImpl.invoke(DelegatingMethodAccessorImpl.java:43)
	at java.lang.reflect.Method.invoke(Method.java:498)
	at org.testng.internal.MethodInvocationHelper.invokeMethod(MethodInvocationHelper.java:86)
	at org.testng.internal.Invoker.invokeMethod(Invoker.java:643)
	at org.testng.internal.Invoker.invokeTestMethod(Invoker.java:820)
	at org.testng.internal.Invoker.invokeTestMethods(Invoker.java:1128)
	at org.testng.internal.TestMethodWorker.invokeTestMethods(TestMethodWorker.java:129)
	at org.testng.internal.TestMethodWorker.run(TestMethodWorker.java:112)
	at org.testng.TestRunner.privateRun(TestRunner.java:782)
	at org.testng.TestRunner.run(TestRunner.java:632)
	at org.testng.SuiteRunner.runTest(SuiteRunner.java:366)
	at org.testng.SuiteRunner.access$000(SuiteRunner.java:39)
	at org.testng.SuiteRunner$SuiteWorker.run(SuiteRunner.java:400)
	at org.testng.internal.thread.ThreadUtil$2.call(ThreadUtil.java:64)
	at java.util.concurrent.FutureTask.run(FutureTask.java:266)
	at java.util.concurrent.ThreadPoolExecutor.runWorker(ThreadPoolExecutor.java:1149)
	at java.util.concurrent.ThreadPoolExecutor$Worker.run(ThreadPoolExecutor.java:624)
	at java.lang.Thread.run(Thread.java:748)
]]>
            </full-stacktrace>
          </exception> <!-- java.lang.NullPointerException -->
          <reporter-output>
          </reporter-output>
        </test-method> <!-- feature -->
        <test-method status="PASS" signature="tearDownClass()[pri:0, instance:testRunners.TestNgTestRunner@5d5eef3d]" name="tearDownClass" is-config="true" duration-ms="786" started-at="2018-09-06T16:25:38Z" finished-at="2018-09-06T16:25:38Z">
          <reporter-output>
          </reporter-output>
        </test-method> <!-- tearDownClass -->
      </class> <!-- testRunners.TestNgTestRunner -->
    </test> <!-- All Tests -->
  </suite> <!-- BDD Webservice And UI -->
</testng-results>
